This is pdfTeX, Version 3.14159265-2.6-1.40.19 (TeX Live 2018) (preloaded format=pdflatex 2018.4.16)  23 MAR 2020 09:58
entering extended mode
 restricted \write18 enabled.
 file:line:error style messages enabled.
 %&-line parsing enabled.
**main.tex
(./main.tex
LaTeX2e <2018-04-01> patch level 2
Babel <3.18> and hyphenation patterns for 84 language(s) loaded.
(./bioinfo.cls
Document Class: bioinfo 2003/02/08 0.1
(/usr/local/texlive/2018/texmf-dist/tex/latex/base/inputenc.sty
Package: inputenc 2018/04/06 v1.3b Input encoding file
\inpenc@prehook=\toks14
\inpenc@posthook=\toks15
)
(/usr/local/texlive/2018/texmf-dist/tex/latex/crop/crop.sty
Package: crop 2003/05/20 v1.9 crop marks (mf)
\stockwidth=\dimen102
\stockheight=\dimen103
\CROP@index=\count80
 (./color.sty
Package: color 1999/02/16 v1.0i Standard LaTeX Color (DPC)

(/usr/local/texlive/2018/texmf-dist/tex/latex/graphics-cfg/color.cfg
File: color.cfg 2016/01/02 v1.6 sample color configuration
)
Package color Info: Driver file: pdftex.def on input line 125.

(/usr/local/texlive/2018/texmf-dist/tex/latex/graphics-def/pdftex.def
File: pdftex.def 2018/01/08 v1.0l Graphics/color driver for pdftex
))
(/usr/local/texlive/2018/texmf-dist/tex/latex/graphics/graphics.sty
Package: graphics 2017/06/25 v1.2c Standard LaTeX Graphics (DPC,SPQR)

(/usr/local/texlive/2018/texmf-dist/tex/latex/graphics/trig.sty
Package: trig 2016/01/03 v1.10 sin cos tan (DPC)
)
(/usr/local/texlive/2018/texmf-dist/tex/latex/graphics-cfg/graphics.cfg
File: graphics.cfg 2016/06/04 v1.11 sample graphics configuration
)
Package graphics Info: Driver file: pdftex.def on input line 99.
)
\CROP@offset=\count81
Package crop Info: Local config file crop.cfg used on input line 605.

(/usr/local/texlive/2018/texmf-dist/tex/xelatex/xetexconfig/crop.cfg))
(/usr/local/texlive/2018/texmf-dist/tex/latex/graphics/graphicx.sty
Package: graphicx 2017/06/01 v1.1a Enhanced LaTeX Graphics (DPC,SPQR)

(/usr/local/texlive/2018/texmf-dist/tex/latex/graphics/keyval.sty
Package: keyval 2014/10/28 v1.15 key=value parser (DPC)
\KV@toks@=\toks16
)
\Gin@req@height=\dimen104
\Gin@req@width=\dimen105
)
(/usr/local/texlive/2018/texmf-dist/tex/latex/amsmath/amsmath.sty
Package: amsmath 2017/09/02 v2.17a AMS math features
\@mathmargin=\skip41

For additional information on amsmath, use the `?' option.
(/usr/local/texlive/2018/texmf-dist/tex/latex/amsmath/amstext.sty
Package: amstext 2000/06/29 v2.01 AMS text

(/usr/local/texlive/2018/texmf-dist/tex/latex/amsmath/amsgen.sty
File: amsgen.sty 1999/11/30 v2.0 generic functions
\@emptytoks=\toks17
\ex@=\dimen106
))
(/usr/local/texlive/2018/texmf-dist/tex/latex/amsmath/amsbsy.sty
Package: amsbsy 1999/11/29 v1.2d Bold Symbols
\pmbraise@=\dimen107
)
(/usr/local/texlive/2018/texmf-dist/tex/latex/amsmath/amsopn.sty
Package: amsopn 2016/03/08 v2.02 operator names
)
\inf@bad=\count82
LaTeX Info: Redefining \frac on input line 213.
\uproot@=\count83
\leftroot@=\count84
LaTeX Info: Redefining \overline on input line 375.
\classnum@=\count85
\DOTSCASE@=\count86
LaTeX Info: Redefining \ldots on input line 472.
LaTeX Info: Redefining \dots on input line 475.
LaTeX Info: Redefining \cdots on input line 596.
\Mathstrutbox@=\box26
\strutbox@=\box27
\big@size=\dimen108
LaTeX Font Info:    Redeclaring font encoding OML on input line 712.
LaTeX Font Info:    Redeclaring font encoding OMS on input line 713.
\macc@depth=\count87
\c@MaxMatrixCols=\count88
\dotsspace@=\muskip10
\c@parentequation=\count89
\dspbrk@lvl=\count90
\tag@help=\toks18
\row@=\count91
\column@=\count92
\maxfields@=\count93
\andhelp@=\toks19
\eqnshift@=\dimen109
\alignsep@=\dimen110
\tagshift@=\dimen111
\tagwidth@=\dimen112
\totwidth@=\dimen113
\lineht@=\dimen114
\@envbody=\toks20
\multlinegap=\skip42
\multlinetaggap=\skip43
\mathdisplay@stack=\toks21
LaTeX Info: Redefining \[ on input line 2817.
LaTeX Info: Redefining \] on input line 2818.
)
(/usr/local/texlive/2018/texmf-dist/tex/latex/tools/array.sty
Package: array 2018/04/07 v2.4g Tabular extension package (FMi)
\col@sep=\dimen115
\ar@mcellbox=\box28
\extrarowheight=\dimen116
\NC@list=\toks22
\extratabsurround=\skip44
\backup@length=\skip45
\ar@cellbox=\box29
)
(/usr/local/texlive/2018/texmf-dist/tex/latex/amsfonts/amssymb.sty
Package: amssymb 2013/01/14 v3.01 AMS font symbols

(/usr/local/texlive/2018/texmf-dist/tex/latex/amsfonts/amsfonts.sty
Package: amsfonts 2013/01/14 v3.01 Basic AMSFonts support
\symAMSa=\mathgroup4
\symAMSb=\mathgroup5
LaTeX Font Info:    Overwriting math alphabet `\mathfrak' in version `bold'
(Font)                  U/euf/m/n --> U/euf/b/n on input line 106.
))
(/usr/local/texlive/2018/texmf-dist/tex/latex/sttools/flushend.sty
Package: flushend 2017/03/27 v3.3 Balancing columns in twocolumn mode
\flushend@@lastskip@a=\skip46
\flushend@@lastskip@b=\skip47
\flushend@@lastskip@c=\skip48
\flushend@@penalty@a=\count94
\flushend@@lastkern@a=\dimen117
\var@@temp@spread=\dimen118
\var@@temp@a=\dimen119
\flushend@@page@rule=\dimen120
\flushend@@varbox@a=\box30
\flushend@@varbox@c=\box31
\flushend@@tempbox@a=\box32
\flushend@@tempbox@c=\box33
\@viper=\box34
\hold@viper=\box35
\atColsBreak=\toks23
\atColsEnd=\toks24

(/usr/local/texlive/2018/texmf-dist/tex/latex/etoolbox/etoolbox.sty
Package: etoolbox 2018/02/11 v2.5e e-TeX tools for LaTeX (JAW)
\etb@tempcnta=\count95
))
(/usr/local/texlive/2018/texmf-dist/tex/latex/sttools/stfloats.sty
Package: stfloats 2017/03/27 v3.3 Improve float mechanism and baselineskip sett
ings
\@dblbotnum=\count96
\c@dblbotnumber=\count97
)
(/usr/local/texlive/2018/texmf-dist/tex/latex/amscls/amsthm.sty
Package: amsthm 2017/10/31 v2.20.4
\thm@style=\toks25
\thm@bodyfont=\toks26
\thm@headfont=\toks27
\thm@notefont=\toks28
\thm@headpunct=\toks29
\thm@preskip=\skip49
\thm@postskip=\skip50
\thm@headsep=\skip51
\dth@everypar=\toks30
)
(/usr/local/texlive/2018/texmf-dist/tex/latex/changepage/chngpage.sty
Package: chngpage 2009/10/20 v1.2b change page layout
\c@cp@cnt=\count98
\c@cp@tempcnt=\count99
)
(/usr/local/texlive/2018/texmf-dist/tex/latex/psnfss/times.sty
Package: times 2005/04/12 PSNFSS-v9.2a (SPQR) 
)
(/usr/local/texlive/2018/texmf-dist/tex/latex/base/fontenc.sty
Package: fontenc 2017/04/05 v2.0i Standard LaTeX package

(/usr/local/texlive/2018/texmf-dist/tex/latex/ly1/ly1enc.def
File: ly1enc.def 2009/07/22 v0.7 TeX 'n ANSI encoding (DPC/KB)
Now handling font encoding LY1 ...
... processing UTF-8 mapping file for font encoding LY1

(/usr/local/texlive/2018/texmf-dist/tex/latex/base/ly1enc.dfu
File: ly1enc.dfu 2018/04/05 v1.2c UTF-8 support for inputenc
   defining Unicode char U+00A0 (decimal 160)
   defining Unicode char U+00A1 (decimal 161)
   defining Unicode char U+00A2 (decimal 162)
   defining Unicode char U+00A3 (decimal 163)
   defining Unicode char U+00A4 (decimal 164)
   defining Unicode char U+00A5 (decimal 165)
   defining Unicode char U+00A6 (decimal 166)
   defining Unicode char U+00A7 (decimal 167)
   defining Unicode char U+00AA (decimal 170)
   defining Unicode char U+00AB (decimal 171)
   defining Unicode char U+00AD (decimal 173)
   defining Unicode char U+00AE (decimal 174)
   defining Unicode char U+00B0 (decimal 176)
   defining Unicode char U+00B5 (decimal 181)
   defining Unicode char U+00B6 (decimal 182)
   defining Unicode char U+00B7 (decimal 183)
   defining Unicode char U+00BA (decimal 186)
   defining Unicode char U+00BB (decimal 187)
   defining Unicode char U+00BC (decimal 188)
   defining Unicode char U+00BD (decimal 189)
   defining Unicode char U+00BE (decimal 190)
   defining Unicode char U+00BF (decimal 191)
   defining Unicode char U+00C0 (decimal 192)
   defining Unicode char U+00C1 (decimal 193)
   defining Unicode char U+00C2 (decimal 194)
   defining Unicode char U+00C3 (decimal 195)
   defining Unicode char U+00C4 (decimal 196)
   defining Unicode char U+00C5 (decimal 197)
   defining Unicode char U+00C6 (decimal 198)
   defining Unicode char U+00C7 (decimal 199)
   defining Unicode char U+00C8 (decimal 200)
   defining Unicode char U+00C9 (decimal 201)
   defining Unicode char U+00CA (decimal 202)
   defining Unicode char U+00CB (decimal 203)
   defining Unicode char U+00CC (decimal 204)
   defining Unicode char U+00CD (decimal 205)
   defining Unicode char U+00CE (decimal 206)
   defining Unicode char U+00CF (decimal 207)
   defining Unicode char U+00D0 (decimal 208)
   defining Unicode char U+00D1 (decimal 209)
   defining Unicode char U+00D2 (decimal 210)
   defining Unicode char U+00D3 (decimal 211)
   defining Unicode char U+00D4 (decimal 212)
   defining Unicode char U+00D5 (decimal 213)
   defining Unicode char U+00D6 (decimal 214)
   defining Unicode char U+00D8 (decimal 216)
   defining Unicode char U+00D9 (decimal 217)
   defining Unicode char U+00DA (decimal 218)
   defining Unicode char U+00DB (decimal 219)
   defining Unicode char U+00DC (decimal 220)
   defining Unicode char U+00DD (decimal 221)
   defining Unicode char U+00DE (decimal 222)
   defining Unicode char U+00DF (decimal 223)
   defining Unicode char U+00E0 (decimal 224)
   defining Unicode char U+00E1 (decimal 225)
   defining Unicode char U+00E2 (decimal 226)
   defining Unicode char U+00E3 (decimal 227)
   defining Unicode char U+00E4 (decimal 228)
   defining Unicode char U+00E5 (decimal 229)
   defining Unicode char U+00E6 (decimal 230)
   defining Unicode char U+00E7 (decimal 231)
   defining Unicode char U+00E8 (decimal 232)
   defining Unicode char U+00E9 (decimal 233)
   defining Unicode char U+00EA (decimal 234)
   defining Unicode char U+00EB (decimal 235)
   defining Unicode char U+00EC (decimal 236)
   defining Unicode char U+00ED (decimal 237)
   defining Unicode char U+00EE (decimal 238)
   defining Unicode char U+00EF (decimal 239)
   defining Unicode char U+00F0 (decimal 240)
   defining Unicode char U+00F1 (decimal 241)
   defining Unicode char U+00F2 (decimal 242)
   defining Unicode char U+00F3 (decimal 243)
   defining Unicode char U+00F4 (decimal 244)
   defining Unicode char U+00F5 (decimal 245)
   defining Unicode char U+00F6 (decimal 246)
   defining Unicode char U+00F8 (decimal 248)
   defining Unicode char U+00F9 (decimal 249)
   defining Unicode char U+00FA (decimal 250)
   defining Unicode char U+00FB (decimal 251)
   defining Unicode char U+00FC (decimal 252)
   defining Unicode char U+00FD (decimal 253)
   defining Unicode char U+00FE (decimal 254)
   defining Unicode char U+00FF (decimal 255)
   defining Unicode char U+0131 (decimal 305)
   defining Unicode char U+0141 (decimal 321)
   defining Unicode char U+0142 (decimal 322)
   defining Unicode char U+0152 (decimal 338)
   defining Unicode char U+0153 (decimal 339)
   defining Unicode char U+0160 (decimal 352)
   defining Unicode char U+0161 (decimal 353)
   defining Unicode char U+0174 (decimal 372)
   defining Unicode char U+0175 (decimal 373)
   defining Unicode char U+0176 (decimal 374)
   defining Unicode char U+0177 (decimal 375)
   defining Unicode char U+0178 (decimal 376)
   defining Unicode char U+017D (decimal 381)
   defining Unicode char U+017E (decimal 382)
   defining Unicode char U+0192 (decimal 402)
   defining Unicode char U+0218 (decimal 536)
   defining Unicode char U+0219 (decimal 537)
   defining Unicode char U+021A (decimal 538)
   defining Unicode char U+021B (decimal 539)
   defining Unicode char U+02C6 (decimal 710)
   defining Unicode char U+02DC (decimal 732)
   defining Unicode char U+2013 (decimal 8211)
   defining Unicode char U+2014 (decimal 8212)
   defining Unicode char U+201C (decimal 8220)
   defining Unicode char U+201D (decimal 8221)
   defining Unicode char U+2020 (decimal 8224)
   defining Unicode char U+2021 (decimal 8225)
   defining Unicode char U+2022 (decimal 8226)
   defining Unicode char U+2026 (decimal 8230)
   defining Unicode char U+2030 (decimal 8240)
   defining Unicode char U+2039 (decimal 8249)
   defining Unicode char U+203A (decimal 8250)
   defining Unicode char U+2122 (decimal 8482)
))
LaTeX Font Info:    Try loading font information for LY1+ptm on input line 105.


(/usr/local/texlive/2018/texmf-dist/tex/latex/ly1/ly1ptm.fd
File: ly1ptm.fd 2001/02/01 font definitions for LY1/ptm using Berry names.
))
\c@section=\count100
\c@subsection=\count101
\c@subsubsection=\count102
\c@paragraph=\count103
\c@subparagraph=\count104
\c@figure=\count105
\c@table=\count106
\dropfromtop=\skip52
\extraspace=\skip53
\aboveskipchk=\skip54
\abovecaptionskip=\skip55
\belowcaptionskip=\skip56
\rotdimen=\dimen121
\tempdime=\dimen122
\temptbox=\box36

(/usr/local/texlive/2018/texmf-dist/tex/latex/natbib/natbib.sty
Package: natbib 2010/09/13 8.31b (PWD, AO)
\bibhang=\skip57
\bibsep=\skip58
LaTeX Info: Redefining \cite on input line 694.
\c@NAT@ctr=\count107
))
(/usr/local/texlive/2018/texmf-dist/tex/latex/tools/longtable.sty
Package: longtable 2014/10/28 v4.11 Multi-page Table package (DPC)
\LTleft=\skip59
\LTright=\skip60
\LTpre=\skip61
\LTpost=\skip62
\LTchunksize=\count108
\LTcapwidth=\dimen123
\LT@head=\box37
\LT@firsthead=\box38
\LT@foot=\box39
\LT@lastfoot=\box40
\LT@cols=\count109
\LT@rows=\count110
\c@LT@tables=\count111
\c@LT@chunks=\count112
\LT@p@ftn=\toks31
)
(/usr/local/texlive/2018/texmf-dist/tex/latex/comment/comment.sty
\CommentStream=\write3

Excluding comment 'comment')
(/usr/local/texlive/2018/texmf-dist/tex/latex/colortbl/colortbl.sty
Package: colortbl 2012/02/13 v1.0a Color table columns (DPC)
\everycr=\toks32
\minrowclearance=\skip63
)
(/usr/local/texlive/2018/texmf-dist/tex/latex/xcolor/xcolor.sty
Package: xcolor 2016/05/11 v2.12 LaTeX color extensions (UK)

(/usr/local/texlive/2018/texmf-dist/tex/latex/graphics-cfg/color.cfg
File: color.cfg 2016/01/02 v1.6 sample color configuration
)
Package xcolor Info: Driver file: pdftex.def on input line 225.
LaTeX Info: Redefining \color on input line 709.
\rownum=\count113
Package xcolor Info: Model `cmy' substituted by `cmy0' on input line 1348.
Package xcolor Info: Model `hsb' substituted by `rgb' on input line 1352.
Package xcolor Info: Model `RGB' extended on input line 1364.
Package xcolor Info: Model `HTML' substituted by `rgb' on input line 1366.
Package xcolor Info: Model `Hsb' substituted by `hsb' on input line 1367.
Package xcolor Info: Model `tHsb' substituted by `hsb' on input line 1368.
Package xcolor Info: Model `HSB' substituted by `hsb' on input line 1369.
Package xcolor Info: Model `Gray' substituted by `gray' on input line 1370.
Package xcolor Info: Model `wave' substituted by `hsb' on input line 1371.
)
(/usr/local/texlive/2018/texmf-dist/tex/latex/float/float.sty
Package: float 2001/11/08 v1.3d Float enhancements (AL)
\c@float@type=\count114
\float@exts=\toks33
\float@box=\box41
\@float@everytoks=\toks34
\@floatcapt=\box42
)
(/usr/local/texlive/2018/texmf-dist/tex/latex/booktabs/booktabs.sty
Package: booktabs 2016/04/27 v1.618033 publication quality tables
\heavyrulewidth=\dimen124
\lightrulewidth=\dimen125
\cmidrulewidth=\dimen126
\belowrulesep=\dimen127
\belowbottomsep=\dimen128
\aboverulesep=\dimen129
\abovetopsep=\dimen130
\cmidrulesep=\dimen131
\cmidrulekern=\dimen132
\defaultaddspace=\dimen133
\@cmidla=\count115
\@cmidlb=\count116
\@aboverulesep=\dimen134
\@belowrulesep=\dimen135
\@thisruleclass=\count117
\@lastruleclass=\count118
\@thisrulewidth=\dimen136
)
(/usr/local/texlive/2018/texmf-dist/tex/latex/lipsum/lipsum.sty
Package: lipsum 2014/07/27 v1.3 150 paragraphs of Lorem Ipsum dummy text
\c@lips@count=\count119
)
(/usr/local/texlive/2018/texmf-dist/tex/latex/multirow/multirow.sty
Package: multirow 2016/11/25 v2.2 Span multiple rows of a table
\multirow@colwidth=\skip64
\multirow@cntb=\count120
\multirow@dima=\skip65
\bigstrutjot=\dimen137
)
(/usr/local/texlive/2018/texmf-dist/tex/latex/paralist/paralist.sty
Package: paralist 2017/01/22 v2.7 Extended list environments
\pltopsep=\skip66
\plpartopsep=\skip67
\plitemsep=\skip68
\plparsep=\skip69
\pl@lab=\toks35
)
(/usr/local/texlive/2018/texmf-dist/tex/latex/ms/ragged2e.sty
Package: ragged2e 2009/05/21 v2.1 ragged2e Package (MS)


LaTeX Warning: Command \@arrayparboxrestore  has changed.
               Check if current package is valid.

(/usr/local/texlive/2018/texmf-dist/tex/latex/ms/everysel.sty
Package: everysel 2011/10/28 v1.2 EverySelectfont Package (MS)
)
(/usr/local/texlive/2018/texmf-dist/tex/latex/footmisc/footmisc.sty
Package: footmisc 2011/06/06 v5.5b a miscellany of footnote facilities
\FN@temptoken=\toks36
\footnotemargin=\dimen138
\c@pp@next@reset=\count121
Package footmisc Info: Declaring symbol style bringhurst on input line 855.
Package footmisc Info: Declaring symbol style chicago on input line 863.
Package footmisc Info: Declaring symbol style wiley on input line 872.
Package footmisc Info: Declaring symbol style lamport-robust on input line 883.

Package footmisc Info: Declaring symbol style lamport* on input line 903.
Package footmisc Info: Declaring symbol style lamport*-robust on input line 924
.
)
\CenteringLeftskip=\skip70
\RaggedLeftLeftskip=\skip71
\RaggedRightLeftskip=\skip72
\CenteringRightskip=\skip73
\RaggedLeftRightskip=\skip74
\RaggedRightRightskip=\skip75
\CenteringParfillskip=\skip76
\RaggedLeftParfillskip=\skip77
\RaggedRightParfillskip=\skip78
\JustifyingParfillskip=\skip79
\CenteringParindent=\skip80
\RaggedLeftParindent=\skip81
\RaggedRightParindent=\skip82
\JustifyingParindent=\skip83
)
(/usr/local/texlive/2018/texmf-dist/tex/latex/setspace/setspace.sty
Package: setspace 2011/12/19 v6.7a set line spacing
)
(/usr/local/texlive/2018/texmf-dist/tex/latex/hyperref/hyperref.sty
Package: hyperref 2018/02/06 v6.86b Hypertext links for LaTeX

(/usr/local/texlive/2018/texmf-dist/tex/generic/oberdiek/hobsub-hyperref.sty
Package: hobsub-hyperref 2016/05/16 v1.14 Bundle oberdiek, subset hyperref (HO)


(/usr/local/texlive/2018/texmf-dist/tex/generic/oberdiek/hobsub-generic.sty
Package: hobsub-generic 2016/05/16 v1.14 Bundle oberdiek, subset generic (HO)
Package: hobsub 2016/05/16 v1.14 Construct package bundles (HO)
Package: infwarerr 2016/05/16 v1.4 Providing info/warning/error messages (HO)
Package: ltxcmds 2016/05/16 v1.23 LaTeX kernel commands for general use (HO)
Package: ifluatex 2016/05/16 v1.4 Provides the ifluatex switch (HO)
Package ifluatex Info: LuaTeX not detected.
Package: ifvtex 2016/05/16 v1.6 Detect VTeX and its facilities (HO)
Package ifvtex Info: VTeX not detected.
Package: intcalc 2016/05/16 v1.2 Expandable calculations with integers (HO)
Package: ifpdf 2017/03/15 v3.2 Provides the ifpdf switch
Package: etexcmds 2016/05/16 v1.6 Avoid name clashes with e-TeX commands (HO)
Package etexcmds Info: Could not find \expanded.
(etexcmds)             That can mean that you are not using pdfTeX 1.50 or
(etexcmds)             that some package has redefined \expanded.
(etexcmds)             In the latter case, load this package earlier.
Package: kvsetkeys 2016/05/16 v1.17 Key value parser (HO)
Package: kvdefinekeys 2016/05/16 v1.4 Define keys (HO)
Package: pdftexcmds 2018/01/30 v0.27 Utility functions of pdfTeX for LuaTeX (HO
)
Package pdftexcmds Info: LuaTeX not detected.
Package pdftexcmds Info: \pdf@primitive is available.
Package pdftexcmds Info: \pdf@ifprimitive is available.
Package pdftexcmds Info: \pdfdraftmode found.
Package: pdfescape 2016/05/16 v1.14 Implements pdfTeX's escape features (HO)
Package: bigintcalc 2016/05/16 v1.4 Expandable calculations on big integers (HO
)
Package: bitset 2016/05/16 v1.2 Handle bit-vector datatype (HO)
Package: uniquecounter 2016/05/16 v1.3 Provide unlimited unique counter (HO)
)
Package hobsub Info: Skipping package `hobsub' (already loaded).
Package: letltxmacro 2016/05/16 v1.5 Let assignment for LaTeX macros (HO)
Package: hopatch 2016/05/16 v1.3 Wrapper for package hooks (HO)
Package: xcolor-patch 2016/05/16 xcolor patch
Package: atveryend 2016/05/16 v1.9 Hooks at the very end of document (HO)
Package: atbegshi 2016/06/09 v1.18 At begin shipout hook (HO)
Package atbegshi Info: Package `crop' patched.
Package: refcount 2016/05/16 v3.5 Data extraction from label references (HO)
Package: hycolor 2016/05/16 v1.8 Color options for hyperref/bookmark (HO)
)
(/usr/local/texlive/2018/texmf-dist/tex/generic/ifxetex/ifxetex.sty
Package: ifxetex 2010/09/12 v0.6 Provides ifxetex conditional
)
(/usr/local/texlive/2018/texmf-dist/tex/latex/oberdiek/auxhook.sty
Package: auxhook 2016/05/16 v1.4 Hooks for auxiliary files (HO)
)
(/usr/local/texlive/2018/texmf-dist/tex/latex/oberdiek/kvoptions.sty
Package: kvoptions 2016/05/16 v3.12 Key value format for package options (HO)
)
\@linkdim=\dimen139
\Hy@linkcounter=\count122
\Hy@pagecounter=\count123

(/usr/local/texlive/2018/texmf-dist/tex/latex/hyperref/pd1enc.def
File: pd1enc.def 2018/02/06 v6.86b Hyperref: PDFDocEncoding definition (HO)
Now handling font encoding PD1 ...
... no UTF-8 mapping file for font encoding PD1
)
\Hy@SavedSpaceFactor=\count124

(/usr/local/texlive/2018/texmf-dist/tex/latex/latexconfig/hyperref.cfg
File: hyperref.cfg 2002/06/06 v1.2 hyperref configuration of TeXLive
)
Package hyperref Info: Option `draft' set `true' on input line 4383.
Package hyperref Info: Hyper figures OFF on input line 4509.
Package hyperref Info: Link nesting OFF on input line 4514.
Package hyperref Info: Hyper index ON on input line 4517.
Package hyperref Info: Plain pages OFF on input line 4524.
Package hyperref Info: Backreferencing OFF on input line 4529.
Package hyperref Info: Implicit mode ON; LaTeX internals redefined.
Package hyperref Info: Bookmarks ON on input line 4762.
LaTeX Info: Redefining \href on input line 5026.
\c@Hy@tempcnt=\count125

(/usr/local/texlive/2018/texmf-dist/tex/latex/url/url.sty
\Urlmuskip=\muskip11
Package: url 2013/09/16  ver 3.4  Verb mode for urls, etc.
)
LaTeX Info: Redefining \url on input line 5115.
\XeTeXLinkMargin=\dimen140
\Fld@menulength=\count126
\Field@Width=\dimen141
\Fld@charsize=\dimen142
Package hyperref Info: Hyper figures OFF on input line 6369.
Package hyperref Info: Link nesting OFF on input line 6374.
Package hyperref Info: Hyper index ON on input line 6377.
Package hyperref Info: backreferencing OFF on input line 6384.
Package hyperref Info: Link coloring OFF on input line 6389.
Package hyperref Info: Link coloring with OCG OFF on input line 6394.
Package hyperref Info: PDF/A mode OFF on input line 6399.
LaTeX Info: Redefining \ref on input line 6439.
LaTeX Info: Redefining \pageref on input line 6443.
\Hy@abspage=\count127
\c@Item=\count128
\c@Hfootnote=\count129
)
Package hyperref Info: Driver (autodetected): hpdftex.

(/usr/local/texlive/2018/texmf-dist/tex/latex/hyperref/hpdftex.def
File: hpdftex.def 2018/02/06 v6.86b Hyperref driver for pdfTeX
\Fld@listcount=\count130
\c@bookmark@seq@number=\count131

(/usr/local/texlive/2018/texmf-dist/tex/latex/oberdiek/rerunfilecheck.sty
Package: rerunfilecheck 2016/05/16 v1.8 Rerun checks for auxiliary files (HO)
Package uniquecounter Info: New unique counter `rerunfilecheck' on input line 2
82.
)
\Hy@SectionHShift=\skip84
)
(/usr/local/texlive/2018/texmf-dist/tex/latex/base/fixltx2e.sty
Package: fixltx2e 2016/12/29 v2.1a fixes to LaTeX (obsolete)
Applying: [2015/01/01] Old fixltx2e package on input line 46.


Package fixltx2e Warning: fixltx2e is not required with releases after 2015
(fixltx2e)                All fixes are now in the LaTeX kernel.
(fixltx2e)                See the latexrelease package for details.

Already applied: [0000/00/00] Old fixltx2e package on input line 53.
)
\c@theorem=\count132
\c@corollary=\count133
 (./main.aux)
\openout1 = `main.aux'.

LaTeX Font Info:    Checking defaults for OML/cmm/m/it on input line 40.
LaTeX Font Info:    ... okay on input line 40.
LaTeX Font Info:    Checking defaults for T1/cmr/m/n on input line 40.
LaTeX Font Info:    ... okay on input line 40.
LaTeX Font Info:    Checking defaults for OT1/cmr/m/n on input line 40.
LaTeX Font Info:    ... okay on input line 40.
LaTeX Font Info:    Checking defaults for OMS/cmsy/m/n on input line 40.
LaTeX Font Info:    ... okay on input line 40.
LaTeX Font Info:    Checking defaults for OMX/cmex/m/n on input line 40.
LaTeX Font Info:    ... okay on input line 40.
LaTeX Font Info:    Checking defaults for U/cmr/m/n on input line 40.
LaTeX Font Info:    ... okay on input line 40.
LaTeX Font Info:    Checking defaults for LY1/ptm/m/n on input line 40.
LaTeX Font Info:    ... okay on input line 40.
LaTeX Font Info:    Checking defaults for PD1/pdf/m/n on input line 40.
LaTeX Font Info:    ... okay on input line 40.

(/usr/local/texlive/2018/texmf-dist/tex/context/base/mkii/supp-pdf.mkii
[Loading MPS to PDF converter (version 2006.09.02).]
\scratchcounter=\count134
\scratchdimen=\dimen143
\scratchbox=\box43
\nofMPsegments=\count135
\nofMParguments=\count136
\everyMPshowfont=\toks37
\MPscratchCnt=\count137
\MPscratchDim=\dimen144
\MPnumerator=\count138
\makeMPintoPDFobject=\count139
\everyMPtoPDFconversion=\toks38
) (/usr/local/texlive/2018/texmf-dist/tex/latex/oberdiek/epstopdf-base.sty
Package: epstopdf-base 2016/05/15 v2.6 Base part for package epstopdf

(/usr/local/texlive/2018/texmf-dist/tex/latex/oberdiek/grfext.sty
Package: grfext 2016/05/16 v1.2 Manage graphics extensions (HO)
)
Package epstopdf-base Info: Redefining graphics rule for `.eps' on input line 4
38.
Package grfext Info: Graphics extension search list:
(grfext)             [.pdf,.png,.jpg,.mps,.jpeg,.jbig2,.jb2,.PDF,.PNG,.JPG,.JPE
G,.JBIG2,.JB2,.eps]
(grfext)             \AppendGraphicsExtensions on input line 456.

(/usr/local/texlive/2018/texmf-dist/tex/latex/latexconfig/epstopdf-sys.cfg
File: epstopdf-sys.cfg 2010/07/13 v1.3 Configuration of (r)epstopdf for TeX Liv
e
))
Package crop Info: requested driver: `' on input line 40.
Package crop Info: detected driver: `pdftex' on input line 40.
Package crop Info: using `pdftex' graphics driver on input line 40.
Package ragged2e Info: ABD: executing \RaggedRight on input line 40.

ABD: EverySelectfont initializing macros
LaTeX Info: Redefining \selectfont on input line 40.
\AtBeginShipoutBox=\box44


Package hyperref Warning: Draft mode on.

Package hyperref Info: Link coloring OFF on input line 40.
(/usr/local/texlive/2018/texmf-dist/tex/latex/hyperref/nameref.sty
Package: nameref 2016/05/21 v2.44 Cross-referencing by name of section

(/usr/local/texlive/2018/texmf-dist/tex/generic/oberdiek/gettitlestring.sty
Package: gettitlestring 2016/05/16 v1.5 Cleanup title references (HO)
)
\c@section@level=\count140
)
LaTeX Info: Redefining \ref on input line 40.
LaTeX Info: Redefining \pageref on input line 40.
LaTeX Info: Redefining \nameref on input line 40.
LaTeX Font Info:    Try loading font information for LY1+phv on input line 65.

(/usr/local/texlive/2018/texmf-dist/tex/latex/ly1/ly1phv.fd
File: ly1phv.fd 2001/02/01 scalable font definitions for LY1/phv using Berry na
mes.
)
<OUP_First_SBk_Bot_8401-eps-converted-to.png, id=1, 54.2025pt x 54.2025pt>
File: OUP_First_SBk_Bot_8401-eps-converted-to.png Graphic file (type png)
<use OUP_First_SBk_Bot_8401-eps-converted-to.png>
Package pdftex.def Info: OUP_First_SBk_Bot_8401-eps-converted-to.png  used on i
nput line 65.
(pdftex.def)             Requested size: 54.20236pt x 54.20236pt.
LaTeX Font Info:    Font shape `LY1/phv/bx/n' in size <8> not available
(Font)              Font shape `LY1/phv/b/n' tried instead on input line 65.
LaTeX Font Info:    Font shape `LY1/phv/bx/n' in size <18> not available
(Font)              Font shape `LY1/phv/b/n' tried instead on input line 65.
LaTeX Font Info:    Font shape `LY1/phv/bx/n' in size <12> not available
(Font)              Font shape `LY1/phv/b/n' tried instead on input line 65.
LaTeX Font Info:    Try loading font information for U+msa on input line 65.

(/usr/local/texlive/2018/texmf-dist/tex/latex/amsfonts/umsa.fd
File: umsa.fd 2013/01/14 v3.01 AMS symbols A
)
LaTeX Font Info:    Try loading font information for U+msb on input line 65.

(/usr/local/texlive/2018/texmf-dist/tex/latex/amsfonts/umsb.fd
File: umsb.fd 2013/01/14 v3.01 AMS symbols B
)
LaTeX Font Info:    Font shape `LY1/phv/bx/n' in size <9> not available
(Font)              Font shape `LY1/phv/b/n' tried instead on input line 65.
LaTeX Font Info:    Font shape `LY1/phv/bx/n' in size <7> not available
(Font)              Font shape `LY1/phv/b/n' tried instead on input line 65.


LaTeX Font Warning: Font shape `OT1/cmr/m/n' in size <6.5> not available
(Font)              size <6> substituted on input line 65.


LaTeX Font Warning: Font shape `OML/cmm/m/it' in size <6.5> not available
(Font)              size <6> substituted on input line 65.


LaTeX Font Warning: Font shape `OMS/cmsy/m/n' in size <6.5> not available
(Font)              size <6> substituted on input line 65.

LaTeX Font Info:    Calculating math sizes for size <8.5> on input line 65.

LaTeX Font Warning: Font shape `OT1/cmr/m/n' in size <8.5> not available
(Font)              size <8> substituted on input line 65.


LaTeX Font Warning: Font shape `OT1/cmr/m/n' in size <4.25> not available
(Font)              size <5> substituted on input line 65.


LaTeX Font Warning: Font shape `OML/cmm/m/it' in size <8.5> not available
(Font)              size <8> substituted on input line 65.


LaTeX Font Warning: Font shape `OML/cmm/m/it' in size <4.25> not available
(Font)              size <5> substituted on input line 65.


LaTeX Font Warning: Font shape `OMS/cmsy/m/n' in size <8.5> not available
(Font)              size <8> substituted on input line 65.


LaTeX Font Warning: Font shape `OMS/cmsy/m/n' in size <4.25> not available
(Font)              size <5> substituted on input line 65.

LaTeX Font Info:    Font shape `LY1/phv/bx/n' in size <10> not available
(Font)              Font shape `LY1/phv/b/n' tried instead on input line 65.
LaTeX Font Info:    Try loading font information for LY1+pcr on input line 65.
(/usr/local/texlive/2018/texmf-dist/tex/latex/ly1/ly1pcr.fd
File: ly1pcr.fd 2001/02/01 font definitions for LY1/pcr using Berry names.
)
LaTeX Font Info:    Font shape `LY1/phv/m/it' in size <9> not available
(Font)              Font shape `LY1/phv/m/sl' tried instead on input line 65.

Underfull \hbox (badness 10000) detected at line 65
[]
 []


Underfull \vbox (badness 10000) has occurred while \output is active []


Underfull \vbox (badness 10000) has occurred while \output is active []


Overfull \hbox (2.0pt too wide) has occurred while \output is active
 []
 []

[1{/usr/local/texlive/2018/texmf-var/fonts/map/pdftex/updmap/pdftex.map}



 <./OUP_First_SBk_Bot_8401-eps-converted-to.png (PNG copy)>]
Underfull \hbox (badness 1043) in paragraph at lines 76--76
[][][]\LY1/ptm/m/n/8 Expectation Maximization (EM) [[]] methods typically used 

 []


Underfull \hbox (badness 3029) in paragraph at lines 76--76
\LY1/ptm/m/n/8 for estimation with missing values depend upon probabilistic 
 []


Underfull \hbox (badness 1648) in paragraph at lines 75--78
[]\LY1/pcr/m/n/8 Robocov \LY1/ptm/m/n/8 does not \LY1/ptm/m/it/8 impute \LY1/pt
m/m/n/8 missing values per-se$[]$---it directly
 []

(./methods_bioinfo.tex
LaTeX Font Info:    Font shape `LY1/phv/m/it' in size <8> not available
(Font)              Font shape `LY1/phv/m/sl' tried instead on input line 101.

Overfull \hbox (252.0pt too wide) has occurred while \output is active
[][]  
 []

[2]
Underfull \hbox (badness 1924) in paragraph at lines 110--116
\LY1/ptm/m/n/8 the largest (or worst-case) value of the negative log-likelihood
---
 []


Underfull \hbox (badness 1642) in paragraph at lines 156--157
[]\LY1/ptm/m/n/8 In all our subsequent analysis and numerical results, we use
 []

Excluding 'comment' comment.)
<Figure1_eps.png, id=28, 1830.98962pt x 2509.69919pt>
File: Figure1_eps.png Graphic file (type png)
<use Figure1_eps.png>
Package pdftex.def Info: Figure1_eps.png  used on input line 93.
(pdftex.def)             Requested size: 243.0pt x 314.17137pt.

Overfull \hbox (9.0pt too wide) in paragraph at lines 93--94
 [][] 
 []

LaTeX Font Info:    Try loading font information for LY1+phb on input line 94.
LaTeX Font Info:    No file LY1phb.fd. on input line 94.

LaTeX Font Warning: Font shape `LY1/phb/m/n' undefined
(Font)              using `LY1/ptm/m/n' instead on input line 94.

LaTeX Font Info:    Font shape `LY1/phv/bx/n' in size <6.5> not available
(Font)              Font shape `LY1/phv/b/n' tried instead on input line 94.
LaTeX Font Info:    Calculating math sizes for size <6.5> on input line 94.

LaTeX Font Warning: Font shape `OT1/cmr/m/n' in size <4.54997> not available
(Font)              size <5> substituted on input line 94.


LaTeX Font Warning: Font shape `OT1/cmr/m/n' in size <3.25> not available
(Font)              size <5> substituted on input line 94.


LaTeX Font Warning: Font shape `OML/cmm/m/it' in size <4.54997> not available
(Font)              size <5> substituted on input line 94.


LaTeX Font Warning: Font shape `OML/cmm/m/it' in size <3.25> not available
(Font)              size <5> substituted on input line 94.


LaTeX Font Warning: Font shape `OMS/cmsy/m/n' in size <4.54997> not available
(Font)              size <5> substituted on input line 94.


LaTeX Font Warning: Font shape `OMS/cmsy/m/n' in size <3.25> not available
(Font)              size <5> substituted on input line 94.


LaTeX Font Warning: Font shape `LY1/phb/bx/n' undefined
(Font)              using `LY1/phb/m/n' instead on input line 106.


LaTeX Font Warning: Font shape `LY1/phb/m/it' undefined
(Font)              using `LY1/phb/m/n' instead on input line 106.

LaTeX Font Info:    Calculating math sizes for size <7.5> on input line 106.

LaTeX Font Warning: Font shape `OT1/cmr/m/n' in size <7.5> not available
(Font)              size <7> substituted on input line 106.


LaTeX Font Warning: Font shape `OT1/cmr/m/n' in size <3.75> not available
(Font)              size <5> substituted on input line 106.


LaTeX Font Warning: Font shape `OML/cmm/m/it' in size <7.5> not available
(Font)              size <7> substituted on input line 106.


LaTeX Font Warning: Font shape `OML/cmm/m/it' in size <3.75> not available
(Font)              size <5> substituted on input line 106.


LaTeX Font Warning: Font shape `OMS/cmsy/m/n' in size <7.5> not available
(Font)              size <7> substituted on input line 106.


LaTeX Font Warning: Font shape `OMS/cmsy/m/n' in size <3.75> not available
(Font)              size <5> substituted on input line 106.


Overfull \hbox (1.57364pt too wide) in paragraph at lines 112--112
[]|\LY1/ptm/m/n/8 Type|  
 []


Overfull \hbox (1.51508pt too wide) in paragraph at lines 112--112
[]|\LY1/ptm/m/n/8 FP2|  
 []


Overfull \hbox (1.42834pt too wide) in paragraph at lines 112--112
[]|\LY1/ptm/m/n/8 FPR|  
 []


Overfull \hbox (2.75635pt too wide) in paragraph at lines 112--112
[]|\LY1/ptm/m/n/8 FNR|  
 []


Overfull \hbox (1.51508pt too wide) in paragraph at lines 112--112
[]|\LY1/ptm/m/n/8 FP2|  
 []


Overfull \hbox (1.42834pt too wide) in paragraph at lines 112--112
[]|\LY1/ptm/m/n/8 FPR|  
 []


Overfull \hbox (2.75635pt too wide) in paragraph at lines 112--112
[]|\LY1/ptm/m/n/8 FNR|  
 []


Overfull \hbox (1.51508pt too wide) in paragraph at lines 112--112
[]|\LY1/ptm/m/n/8 FP2|  
 []


Overfull \hbox (1.42834pt too wide) in paragraph at lines 112--112
[]|\LY1/ptm/m/n/8 FPR|  
 []


Overfull \hbox (2.75635pt too wide) in paragraph at lines 112--112
[]|\LY1/ptm/m/n/8 FNR|  
 []


Overfull \hbox (2.61908pt too wide) in paragraph at lines 113--113
[]|\LY1/ptm/m/n/8 0.05|  
 []


Overfull \hbox (2.61908pt too wide) in paragraph at lines 113--113
[]|\LY1/ptm/m/n/8 0.14|  
 []


Overfull \hbox (1.19635pt too wide) in paragraph at lines 113--113
[]|\LY1/ptm/m/n/8 0.14|  
 []


Overfull \hbox (2.61908pt too wide) in paragraph at lines 113--113
[]|\LY1/ptm/m/n/8 0.26|  
 []


Overfull \hbox (1.19635pt too wide) in paragraph at lines 113--114
[]|\LY1/ptm/m/n/8 0.19|  
 []


Overfull \hbox (2.0378pt too wide) in paragraph at lines 114--114
[]|[]\LY1/ptm/m/n/8 CorShrink[]|  
 []


Overfull \hbox (1.19635pt too wide) in paragraph at lines 114--114
[]|\LY1/ptm/m/n/8 0.01|  
 []


Overfull \hbox (1.19635pt too wide) in paragraph at lines 114--114
[]|\LY1/ptm/m/n/8 0.04|  
 []


Overfull \hbox (1.19635pt too wide) in paragraph at lines 114--114
[]|\LY1/ptm/m/n/8 0.03|  
 []


Overfull \hbox (1.19635pt too wide) in paragraph at lines 114--114
[]|\LY1/ptm/m/n/8 0.07|  
 []


Overfull \hbox (1.19635pt too wide) in paragraph at lines 114--115
[]|\LY1/ptm/m/n/8 0.09|  
 []


Overfull \hbox (1.19635pt too wide) in paragraph at lines 115--115
[]|\LY1/ptm/m/n/8 0.24|  
 []


Overfull \hbox (1.19635pt too wide) in paragraph at lines 115--115
[]|\LY1/ptm/m/n/8 0.30|  
 []


Overfull \hbox (1.19635pt too wide) in paragraph at lines 115--115
[]|\LY1/ptm/m/n/8 0.28|  
 []


Overfull \hbox (2.22163pt too wide) in paragraph at lines 116--116
[]|[]|  
 []


Overfull \hbox (2.61908pt too wide) in paragraph at lines 116--116
[]|\LY1/ptm/m/n/8 0.08|  
 []


Overfull \hbox (1.19635pt too wide) in paragraph at lines 116--116
[]|\LY1/ptm/m/n/8 0.07|  
 []


Overfull \hbox (2.61908pt too wide) in paragraph at lines 116--116
[]|\LY1/ptm/m/n/8 0.27|  
 []


Overfull \hbox (1.19635pt too wide) in paragraph at lines 116--116
[]|\LY1/ptm/m/n/8 0.01|  
 []


Overfull \hbox (1.19635pt too wide) in paragraph at lines 116--116
[]|\LY1/ptm/m/n/8 0.13|  
 []


Overfull \hbox (2.61908pt too wide) in paragraph at lines 116--116
[]|\LY1/ptm/m/n/8 0.47|  
 []


Overfull \hbox (1.19635pt too wide) in paragraph at lines 116--117
[]|\LY1/ptm/m/n/8 0.09|  
 []


Overfull \hbox (2.61908pt too wide) in paragraph at lines 117--117
[]|\LY1/ptm/m/n/8 0.12|  
 []


Overfull \hbox (1.19635pt too wide) in paragraph at lines 117--117
[]|\LY1/ptm/m/n/8 0.15|  
 []


Overfull \hbox (2.61908pt too wide) in paragraph at lines 117--117
[]|\LY1/ptm/m/n/8 0.29|  
 []


Overfull \hbox (1.19635pt too wide) in paragraph at lines 117--117
[]|\LY1/ptm/m/n/8 0.01|  
 []


Overfull \hbox (1.19635pt too wide) in paragraph at lines 117--117
[]|\LY1/ptm/m/n/8 0.15|  
 []


Overfull \hbox (2.61908pt too wide) in paragraph at lines 117--117
[]|\LY1/ptm/m/n/8 0.59|  
 []


Overfull \hbox (1.19635pt too wide) in paragraph at lines 117--117
[]|\LY1/ptm/m/n/8 0.02|  
 []


Overfull \hbox (1.19635pt too wide) in paragraph at lines 117--118
[]|\LY1/ptm/m/n/8 0.12|  
 []


Overfull \hbox (1.19635pt too wide) in paragraph at lines 118--118
[]|\LY1/ptm/m/n/8 0.09|  
 []


Overfull \hbox (1.19635pt too wide) in paragraph at lines 118--118
[]|\LY1/ptm/m/n/8 0.07|  
 []


Overfull \hbox (1.19635pt too wide) in paragraph at lines 118--118
[]|\LY1/ptm/m/n/8 0.07|  
 []


Overfull \hbox (1.19635pt too wide) in paragraph at lines 118--118
[]|\LY1/ptm/m/n/8 0.08|  
 []


Overfull \hbox (1.19635pt too wide) in paragraph at lines 118--118
[]|\LY1/ptm/m/n/8 0.08|  
 []


Overfull \hbox (1.19635pt too wide) in paragraph at lines 118--118
[]|\LY1/ptm/m/n/8 0.07|  
 []


Overfull \hbox (1.57364pt too wide) in paragraph at lines 121--121
[]|\LY1/ptm/m/n/8 Type|  
 []


Overfull \hbox (1.51508pt too wide) in paragraph at lines 121--121
[]|\LY1/ptm/m/n/8 FP2|  
 []


Overfull \hbox (1.42834pt too wide) in paragraph at lines 121--121
[]|\LY1/ptm/m/n/8 FPR|  
 []


Overfull \hbox (2.75635pt too wide) in paragraph at lines 121--121
[]|\LY1/ptm/m/n/8 FNR|  
 []


Overfull \hbox (1.51508pt too wide) in paragraph at lines 121--121
[]|\LY1/ptm/m/n/8 FP2|  
 []


Overfull \hbox (1.42834pt too wide) in paragraph at lines 121--121
[]|\LY1/ptm/m/n/8 FPR|  
 []


Overfull \hbox (2.75635pt too wide) in paragraph at lines 121--121
[]|\LY1/ptm/m/n/8 FNR|  
 []


Overfull \hbox (1.51508pt too wide) in paragraph at lines 121--121
[]|\LY1/ptm/m/n/8 FP2|  
 []


Overfull \hbox (1.42834pt too wide) in paragraph at lines 121--121
[]|\LY1/ptm/m/n/8 FPR|  
 []


Overfull \hbox (2.75635pt too wide) in paragraph at lines 121--121
[]|\LY1/ptm/m/n/8 FNR|  
 []


Overfull \hbox (2.61908pt too wide) in paragraph at lines 122--122
[]|\LY1/ptm/m/n/8 0.05|  
 []


Overfull \hbox (2.61908pt too wide) in paragraph at lines 122--122
[]|\LY1/ptm/m/n/8 0.06|  
 []


Overfull \hbox (2.61908pt too wide) in paragraph at lines 122--122
[]|\LY1/ptm/m/n/8 0.18|  
 []


Overfull \hbox (1.19635pt too wide) in paragraph at lines 122--123
[]|\LY1/ptm/m/n/8 0.15|  
 []


Overfull \hbox (2.0378pt too wide) in paragraph at lines 123--123
[]|[]\LY1/ptm/m/n/8 CorShrink[]|  
 []


Overfull \hbox (1.19635pt too wide) in paragraph at lines 123--123
[]|\LY1/ptm/m/n/8 0.02|  
 []


Overfull \hbox (1.19635pt too wide) in paragraph at lines 123--123
[]|\LY1/ptm/m/n/8 0.03|  
 []


Overfull \hbox (1.19635pt too wide) in paragraph at lines 123--124
[]|\LY1/ptm/m/n/8 0.01|  
 []


Overfull \hbox (1.19635pt too wide) in paragraph at lines 124--124
[]|\LY1/ptm/m/n/8 0.17|  
 []


Overfull \hbox (1.19635pt too wide) in paragraph at lines 124--124
[]|\LY1/ptm/m/n/8 0.20|  
 []


Overfull \hbox (1.19635pt too wide) in paragraph at lines 124--124
[]|\LY1/ptm/m/n/8 0.31|  
 []


Overfull \hbox (2.22163pt too wide) in paragraph at lines 125--125
[]|[]|  
 []


Overfull \hbox (2.61908pt too wide) in paragraph at lines 125--125
[]|\LY1/ptm/m/n/8 0.23|  
 []


Overfull \hbox (1.19635pt too wide) in paragraph at lines 125--125
[]|\LY1/ptm/m/n/8 0.06|  
 []


Overfull \hbox (2.61908pt too wide) in paragraph at lines 125--125
[]|\LY1/ptm/m/n/8 0.21|  
 []


Overfull \hbox (1.19635pt too wide) in paragraph at lines 125--125
[]|\LY1/ptm/m/n/8 0.09|  
 []


Overfull \hbox (2.61908pt too wide) in paragraph at lines 125--125
[]|\LY1/ptm/m/n/8 0.18|  
 []


Overfull \hbox (1.19635pt too wide) in paragraph at lines 125--125
[]|\LY1/ptm/m/n/8 0.03|  
 []


Overfull \hbox (1.19635pt too wide) in paragraph at lines 125--126
[]|\LY1/ptm/m/n/8 0.11|  
 []


Overfull \hbox (2.61908pt too wide) in paragraph at lines 126--126
[]|\LY1/ptm/m/n/8 0.11|  
 []


Overfull \hbox (1.19635pt too wide) in paragraph at lines 126--126
[]|\LY1/ptm/m/n/8 0.16|  
 []


Overfull \hbox (2.61908pt too wide) in paragraph at lines 126--126
[]|\LY1/ptm/m/n/8 0.23|  
 []


Overfull \hbox (1.19635pt too wide) in paragraph at lines 126--126
[]|\LY1/ptm/m/n/8 0.22|  
 []


Overfull \hbox (2.61908pt too wide) in paragraph at lines 126--126
[]|\LY1/ptm/m/n/8 0.29|  
 []


Overfull \hbox (1.19635pt too wide) in paragraph at lines 126--126
[]|\LY1/ptm/m/n/8 0.01|  
 []


Overfull \hbox (1.19635pt too wide) in paragraph at lines 126--127
[]|\LY1/ptm/m/n/8 0.24|  
 []


Overfull \hbox (1.19635pt too wide) in paragraph at lines 127--127
[]|\LY1/ptm/m/n/8 0.12|  
 []


Overfull \hbox (1.19635pt too wide) in paragraph at lines 127--127
[]|\LY1/ptm/m/n/8 0.08|  
 []


Overfull \hbox (1.19635pt too wide) in paragraph at lines 127--127
[]|\LY1/ptm/m/n/8 0.14|  
 []


Overfull \hbox (1.19635pt too wide) in paragraph at lines 127--127
[]|\LY1/ptm/m/n/8 0.09|  
 []


Overfull \hbox (1.19635pt too wide) in paragraph at lines 127--127
[]|\LY1/ptm/m/n/8 0.16|  
 []


Overfull \hbox (1.19635pt too wide) in paragraph at lines 127--127
[]|\LY1/ptm/m/n/8 0.11|  
 []


Overfull \hbox (1.57364pt too wide) in paragraph at lines 130--130
[]|\LY1/ptm/m/n/8 Type|  
 []


Overfull \hbox (1.51508pt too wide) in paragraph at lines 130--130
[]|\LY1/ptm/m/n/8 FP2|  
 []


Overfull \hbox (1.42834pt too wide) in paragraph at lines 130--130
[]|\LY1/ptm/m/n/8 FPR|  
 []


Overfull \hbox (2.75635pt too wide) in paragraph at lines 130--130
[]|\LY1/ptm/m/n/8 FNR|  
 []


Overfull \hbox (1.51508pt too wide) in paragraph at lines 130--130
[]|\LY1/ptm/m/n/8 FP2|  
 []


Overfull \hbox (1.42834pt too wide) in paragraph at lines 130--130
[]|\LY1/ptm/m/n/8 FPR|  
 []


Overfull \hbox (2.75635pt too wide) in paragraph at lines 130--130
[]|\LY1/ptm/m/n/8 FNR|  
 []


Overfull \hbox (1.51508pt too wide) in paragraph at lines 130--130
[]|\LY1/ptm/m/n/8 FP2|  
 []


Overfull \hbox (1.42834pt too wide) in paragraph at lines 130--130
[]|\LY1/ptm/m/n/8 FPR|  
 []


Overfull \hbox (2.75635pt too wide) in paragraph at lines 130--130
[]|\LY1/ptm/m/n/8 FNR|  
 []


Overfull \hbox (2.61908pt too wide) in paragraph at lines 131--131
[]|\LY1/ptm/m/n/8 0.03|  
 []


Overfull \hbox (2.61908pt too wide) in paragraph at lines 131--131
[]|\LY1/ptm/m/n/8 0.01|  
 []


Overfull \hbox (2.61908pt too wide) in paragraph at lines 131--131
[]|\LY1/ptm/m/n/8 0.08|  
 []


Overfull \hbox (2.0378pt too wide) in paragraph at lines 132--132
[]|[]\LY1/ptm/m/n/8 CorShrink[]|  
 []


Overfull \hbox (2.61908pt too wide) in paragraph at lines 132--132
[]|\LY1/ptm/m/n/8 0.21|  
 []


Overfull \hbox (2.61908pt too wide) in paragraph at lines 132--132
[]|\LY1/ptm/m/n/8 0.32|  
 []


Overfull \hbox (2.61908pt too wide) in paragraph at lines 132--132
[]|\LY1/ptm/m/n/8 0.83|  
 []


Overfull \hbox (1.19635pt too wide) in paragraph at lines 133--133
[]|\LY1/ptm/m/n/8 0.01|  
 []


Overfull \hbox (1.19635pt too wide) in paragraph at lines 133--133
[]|\LY1/ptm/m/n/8 0.05|  
 []


Overfull \hbox (1.19635pt too wide) in paragraph at lines 133--133
[]|\LY1/ptm/m/n/8 0.14|  
 []


Overfull \hbox (2.22163pt too wide) in paragraph at lines 134--134
[]|[]|  
 []


Overfull \hbox (2.61908pt too wide) in paragraph at lines 134--134
[]|\LY1/ptm/m/n/8 0.12|  
 []


Overfull \hbox (1.19635pt too wide) in paragraph at lines 134--134
[]|\LY1/ptm/m/n/8 0.11|  
 []


Overfull \hbox (2.61908pt too wide) in paragraph at lines 134--134
[]|\LY1/ptm/m/n/8 0.16|  
 []


Overfull \hbox (1.19635pt too wide) in paragraph at lines 134--134
[]|\LY1/ptm/m/n/8 0.12|  
 []


Overfull \hbox (2.61908pt too wide) in paragraph at lines 134--134
[]|\LY1/ptm/m/n/8 0.11|  
 []


Overfull \hbox (1.19635pt too wide) in paragraph at lines 134--135
[]|\LY1/ptm/m/n/8 0.14|  
 []


Overfull \hbox (2.61908pt too wide) in paragraph at lines 135--135
[]|\LY1/ptm/m/n/8 0.16|  
 []


Overfull \hbox (1.19635pt too wide) in paragraph at lines 135--135
[]|\LY1/ptm/m/n/8 0.19|  
 []


Overfull \hbox (2.61908pt too wide) in paragraph at lines 135--135
[]|\LY1/ptm/m/n/8 0.29|  
 []


Overfull \hbox (1.19635pt too wide) in paragraph at lines 135--135
[]|\LY1/ptm/m/n/8 0.20|  
 []


Overfull \hbox (2.61908pt too wide) in paragraph at lines 135--135
[]|\LY1/ptm/m/n/8 0.19|  
 []


Overfull \hbox (1.19635pt too wide) in paragraph at lines 135--135
[]|\LY1/ptm/m/n/8 0.02|  
 []


Overfull \hbox (1.19635pt too wide) in paragraph at lines 135--136
[]|\LY1/ptm/m/n/8 0.20|  
 []


Overfull \hbox (1.19635pt too wide) in paragraph at lines 136--136
[]|\LY1/ptm/m/n/8 0.11|  
 []


Overfull \hbox (1.19635pt too wide) in paragraph at lines 136--136
[]|\LY1/ptm/m/n/8 0.16|  
 []


Overfull \hbox (1.19635pt too wide) in paragraph at lines 136--136
[]|\LY1/ptm/m/n/8 0.14|  
 []


Overfull \hbox (1.19635pt too wide) in paragraph at lines 136--136
[]|\LY1/ptm/m/n/8 0.18|  
 []


Overfull \hbox (1.19635pt too wide) in paragraph at lines 136--136
[]|\LY1/ptm/m/n/8 0.15|  
 []


Overfull \hbox (1.19635pt too wide) in paragraph at lines 136--136
[]|\LY1/ptm/m/n/8 0.17|  
 []


LaTeX Warning: `h' float specifier changed to `ht'.


Overfull \hbox (252.0pt too wide) has occurred while \output is active
[][]  
 []

[3]
<Figure1a.png, id=33, 1027.84pt x 1505.625pt>
File: Figure1a.png Graphic file (type png)
<use Figure1a.png>
Package pdftex.def Info: Figure1a.png  used on input line 162.
(pdftex.def)             Requested size: 325.41809pt x 476.69792pt.

Underfull \vbox (badness 10000) has occurred while \output is active []

<Figure2.png, id=34, 1429.49152pt x 2509.45076pt>
File: Figure2.png Graphic file (type png)
<use Figure2.png>
Package pdftex.def Info: Figure2.png  used on input line 175.
(pdftex.def)             Requested size: 271.54077pt x 476.69792pt.

Overfull \hbox (252.0pt too wide) has occurred while \output is active
[][]  
 []

[4 <./Figure1_eps.png>]
Underfull \vbox (badness 10000) has occurred while \output is active []


Underfull \vbox (badness 10000) has occurred while \output is active []


Overfull \hbox (252.0pt too wide) has occurred while \output is active
[][]  
 []

[5 <./Figure1a.png>]
<Figure3.png, id=43, 1429.56pt x 2509.65pt>
File: Figure3.png Graphic file (type png)
<use Figure3.png>
Package pdftex.def Info: Figure3.png  used on input line 197.
(pdftex.def)             Requested size: 194.39703pt x 341.23895pt.
LaTeX Font Info:    Font shape `LY1/pcr/bx/n' in size <7> not available
(Font)              Font shape `LY1/pcr/b/n' tried instead on input line 198.

Underfull \hbox (badness 1014) in paragraph at lines 204--205
\LY1/ptm/m/n/8 (Supplementary Note). Enrichment is defined as the proportion of

 []


Underfull \vbox (badness 10000) has occurred while \output is active []


Overfull \hbox (252.0pt too wide) has occurred while \output is active
[][]  
 []

[6 <./Figure2.png>]
Underfull \hbox (badness 3930) in paragraph at lines 208--209
[]\LY1/ptm/m/n/8 All $\OT1/cmr/m/n/8 6$ \LY1/ptm/m/n/8 annotations (5kb and 100
kb for the 3 gene scores)
 []


Underfull \hbox (badness 2781) in paragraph at lines 208--209
\LY1/ptm/m/n/8 were significantly enriched when meta-analyzed across 11 blood
 []

(./discussion.tex
Underfull \hbox (badness 4441) in paragraph at lines 3--5
\LY1/ptm/m/n/8 Here we present \LY1/pcr/m/n/8 Robocov\LY1/ptm/m/n/8 ---a novel 
convex optimization-based
 []


Underfull \hbox (badness 1484) in paragraph at lines 6--7
[]\LY1/ptm/m/n/8 We have assessed the significance of our proposed \LY1/pcr/m/n
/8 Robocov
 []


Overfull \hbox (26.39981pt too wide) in paragraph at lines 24--26
\LY1/pcr/m/n/7 https : / / data . broadinstitute . org / alkesgroup / sumstats 
_ formatted/$ 
 []

)
Underfull \hbox (badness 7221) in paragraph at lines 218--221
\LY1/ptm/m/n/8 analysis: multitissue gene regulation in humans.  \LY1/ptm/m/it/
8 Science\LY1/ptm/m/n/8 ,
 []


Overfull \hbox (252.0pt too wide) has occurred while \output is active
[][]  
 []

[7 <./Figure3.png>]
Underfull \hbox (badness 1527) in paragraph at lines 314--319
\LY1/ptm/m/n/8 Conic optimization via operator splitting and homogeneous self-
 []


Underfull \vbox (badness 10000) has occurred while \output is active []

- LAST -
Extra skip:38.568pt
Left:619.0pt/1.736pt
Right:580.432pt/1.736pt
Output:619.216pt

Overfull \hbox (252.0pt too wide) has occurred while \output is active
[][]  
 []

[8]
Package atveryend Info: Empty hook `BeforeClearDocument' on input line 475.
Package atveryend Info: Empty hook `AfterLastShipout' on input line 475.
 (./main.aux)
Package atveryend Info: Executing hook `AtVeryEndDocument' on input line 475.
Package atveryend Info: Empty hook `AtEndAfterFileList' on input line 475.


LaTeX Font Warning: Size substitutions with differences
(Font)              up to 1.75pt have occurred.


LaTeX Font Warning: Some font shapes were not available, defaults substituted.

 ) 
Here is how much of TeX's memory you used:
 9106 strings out of 492649
 127250 string characters out of 6129622
 372277 words of memory out of 5000000
 12801 multiletter control sequences out of 15000+600000
 58489 words of font info for 115 fonts, out of 8000000 for 9000
 1145 hyphenation exceptions out of 8191
 63i,12n,56p,1549b,433s stack positions out of 5000i,500n,10000p,200000b,80000s
{/usr/local/texlive/2018/texmf-dist/fonts/enc/dvips/ly1/texnansi.enc}</usr/lo
cal/texlive/2018/texmf-dist/fonts/type1/public/amsfonts/cmextra/cmbsy9.pfb></us
r/local/texlive/2018/texmf-dist/fonts/type1/public/amsfonts/cmextra/cmex8.pfb><
/usr/local/texlive/2018/texmf-dist/fonts/type1/public/amsfonts/cm/cmmi5.pfb></u
sr/local/texlive/2018/texmf-dist/fonts/type1/public/amsfonts/cm/cmmi6.pfb></usr
/local/texlive/2018/texmf-dist/fonts/type1/public/amsfonts/cm/cmmi7.pfb></usr/l
ocal/texlive/2018/texmf-dist/fonts/type1/public/amsfonts/cm/cmmi8.pfb></usr/loc
al/texlive/2018/texmf-dist/fonts/type1/public/amsfonts/cm/cmr6.pfb></usr/local/
texlive/2018/texmf-dist/fonts/type1/public/amsfonts/cm/cmr7.pfb></usr/local/tex
live/2018/texmf-dist/fonts/type1/public/amsfonts/cm/cmr8.pfb></usr/local/texliv
e/2018/texmf-dist/fonts/type1/public/amsfonts/cm/cmsy6.pfb></usr/local/texlive/
2018/texmf-dist/fonts/type1/public/amsfonts/cm/cmsy7.pfb></usr/local/texlive/20
18/texmf-dist/fonts/type1/public/amsfonts/cm/cmsy8.pfb></usr/local/texlive/2018
/texmf-dist/fonts/type1/public/amsfonts/latxfont/lcircle1.pfb></usr/local/texli
ve/2018/texmf-dist/fonts/type1/urw/courier/ucrb8a.pfb></usr/local/texlive/2018/
texmf-dist/fonts/type1/urw/courier/ucrr8a.pfb></usr/local/texlive/2018/texmf-di
st/fonts/type1/urw/helvetic/uhvb8a.pfb></usr/local/texlive/2018/texmf-dist/font
s/type1/urw/helvetic/uhvr8a.pfb></usr/local/texlive/2018/texmf-dist/fonts/type1
/urw/helvetic/uhvr8ac.pfb></usr/local/texlive/2018/texmf-dist/fonts/type1/urw/h
elvetic/uhvro8a.pfb></usr/local/texlive/2018/texmf-dist/fonts/type1/urw/helveti
c/uhvro8ac.pfb></usr/local/texlive/2018/texmf-dist/fonts/type1/urw/times/utmr8a
.pfb></usr/local/texlive/2018/texmf-dist/fonts/type1/urw/times/utmri8a.pfb>
Output written on main.pdf (8 pages, 5283786 bytes).
PDF statistics:
 127 PDF objects out of 1000 (max. 8388607)
 88 compressed objects within 1 object stream
 0 named destinations out of 1000 (max. 500000)
 32 words of extra memory for PDF output out of 10000 (max. 10000000)

